TN:
SF:src/modules/appointments/services/CreateAppointmentService.ts
FN:16,CreateAppointmentService
FN:21,Object.<anonymous>.CreateAppointmentService.execute
FNF:2
FNH:2
FNDA:2,CreateAppointmentService
FNDA:3,Object.<anonymous>.CreateAppointmentService.execute
DA:1,1
DA:2,1
DA:3,1
DA:4,1
DA:5,1
DA:6,1
DA:7,1
DA:8,1
DA:9,1
DA:10,1
DA:11,1
DA:12,1
DA:13,1
DA:14,1
DA:15,1
DA:16,1
DA:17,2
DA:18,2
DA:19,2
DA:20,1
DA:21,1
DA:22,3
DA:23,3
DA:24,3
DA:25,3
DA:26,3
DA:27,3
DA:28,3
DA:29,1
DA:30,1
DA:31,2
DA:32,2
DA:33,2
DA:34,2
DA:35,2
DA:36,3
DA:37,3
DA:38,3
DA:39,1
DA:40,1
DA:41,1
LF:41
LH:41
BRDA:15,0,0,1
BRDA:16,1,0,2
BRDA:21,2,0,3
BRDA:28,3,0,1
BRDA:31,4,0,2
BRF:5
BRH:5
end_of_record
TN:
SF:src/modules/users/services/AuthenticateUserService.ts
FN:23,AuthenticateUserService
FN:31,Object.<anonymous>.AuthenticateUserService.execute
FNF:2
FNH:2
FNDA:4,AuthenticateUserService
FNDA:4,Object.<anonymous>.AuthenticateUserService.execute
DA:1,1
DA:2,1
DA:3,1
DA:4,1
DA:5,1
DA:6,1
DA:7,1
DA:8,1
DA:9,1
DA:10,1
DA:11,1
DA:12,1
DA:13,1
DA:14,1
DA:15,1
DA:16,1
DA:17,1
DA:18,1
DA:19,1
DA:20,1
DA:21,1
DA:22,1
DA:23,1
DA:24,4
DA:25,4
DA:26,4
DA:27,4
DA:28,4
DA:29,4
DA:30,1
DA:31,1
DA:32,4
DA:33,4
DA:34,4
DA:35,2
DA:36,2
DA:37,2
DA:38,2
DA:39,2
DA:40,2
DA:41,2
DA:42,2
DA:43,2
DA:44,2
DA:45,4
DA:46,4
DA:47,1
DA:48,1
DA:49,1
DA:50,1
DA:51,1
DA:52,1
DA:53,1
DA:54,1
DA:55,1
DA:56,1
DA:57,1
DA:58,4
DA:59,1
DA:60,1
DA:61,1
LF:61
LH:61
BRDA:22,0,0,1
BRDA:23,1,0,4
BRDA:31,2,0,4
BRDA:32,3,0,4
BRDA:34,4,0,2
BRDA:46,5,0,1
BRF:6
BRH:6
end_of_record
TN:
SF:src/modules/users/services/CreateUserService.ts
FN:17,CreateUserService
FN:25,Object.<anonymous>.CreateUserService.execute
FNF:2
FNH:2
FNDA:5,CreateUserService
FNDA:6,Object.<anonymous>.CreateUserService.execute
DA:1,1
DA:2,1
DA:3,1
DA:4,1
DA:5,1
DA:6,1
DA:7,1
DA:8,1
DA:9,1
DA:10,1
DA:11,1
DA:12,1
DA:13,1
DA:14,1
DA:15,1
DA:16,2
DA:17,2
DA:18,5
DA:19,5
DA:20,5
DA:21,5
DA:22,5
DA:23,5
DA:24,2
DA:25,2
DA:26,6
DA:27,6
DA:28,6
DA:29,1
DA:30,1
DA:31,5
DA:32,5
DA:33,6
DA:34,6
DA:35,6
DA:36,6
DA:37,6
DA:38,6
DA:39,6
DA:40,6
DA:41,6
DA:42,6
DA:43,6
DA:44,6
DA:45,2
DA:46,1
DA:47,1
LF:47
LH:47
BRDA:16,0,0,2
BRDA:17,1,0,5
BRDA:25,2,0,6
BRDA:26,3,0,6
BRDA:28,4,0,1
BRDA:31,5,0,5
BRF:6
BRH:6
end_of_record
TN:
SF:src/modules/users/services/UpdateUserAvatarService.ts
FN:16,UpdateUserAvatarService
FN:24,Object.<anonymous>.UpdateUserAvatarService.execute
FNF:2
FNH:2
FNDA:3,UpdateUserAvatarService
FNDA:4,Object.<anonymous>.UpdateUserAvatarService.execute
DA:1,1
DA:2,1
DA:3,1
DA:4,1
DA:5,1
DA:6,1
DA:7,1
DA:8,1
DA:9,1
DA:10,1
DA:11,1
DA:12,1
DA:13,1
DA:14,1
DA:15,1
DA:16,1
DA:17,3
DA:18,3
DA:19,3
DA:20,3
DA:21,3
DA:22,3
DA:23,1
DA:24,1
DA:25,4
DA:26,4
DA:27,4
DA:28,1
DA:29,1
DA:30,3
DA:31,3
DA:32,1
DA:33,1
DA:34,4
DA:35,4
DA:36,4
DA:37,4
DA:38,4
DA:39,4
DA:40,4
DA:41,4
DA:42,4
DA:43,4
DA:44,1
DA:45,1
DA:46,1
LF:46
LH:46
BRDA:15,0,0,1
BRDA:16,1,0,3
BRDA:24,2,0,4
BRDA:25,3,0,4
BRDA:27,4,0,1
BRDA:30,5,0,3
BRDA:31,6,0,2
BRDA:31,7,0,1
BRDA:36,8,0,3
BRF:9
BRH:9
end_of_record
